[INFO] Error stacktraces are turned on.
[INFO] Scanning for projects...
[INFO] 
[INFO] ----------------------< com.mycompany:hello-mick >----------------------
[INFO] Building hello-mick 1.0.0-SNAPSHOT
[INFO] --------------------------[ mule-application ]--------------------------
[INFO] 
[INFO] --- maven-clean-plugin:3.0.0:clean (default-clean-1) @ hello-mick ---
[INFO] Deleting /Users/michaelcollins/AnypointStudio/studio-workspace-git/demoMay2020/hello-mick/target
[INFO] 
[INFO] --- maven-clean-plugin:3.0.0:clean (default-clean) @ hello-mick ---
[INFO] 
[INFO] --- mule-maven-plugin:3.4.0:clean (default-clean) @ hello-mick ---
[INFO] 
[INFO] --- mule-maven-plugin:3.4.0:validate (default-validate) @ hello-mick ---
[INFO] 
[INFO] --- mule-maven-plugin:3.4.0:initialize (default-initialize) @ hello-mick ---
[INFO] 
[INFO] --- mule-maven-plugin:3.4.0:generate-sources (default-generate-sources) @ hello-mick ---
[INFO] 
[INFO] --- mule-maven-plugin:3.4.0:process-sources (default-process-sources) @ hello-mick ---
[INFO] About to fetch required dependencies for artifact: com.mycompany:hello-mick:pom:1.0.0-SNAPSHOT. This may take a while...
[INFO] 
[INFO] --- maven-resources-plugin:3.0.2:resources (default-resources) @ hello-mick ---
[INFO] Using 'UTF-8' encoding to copy filtered resources.
[INFO] Copying 1 resource
[INFO] 
[INFO] --- mule-maven-plugin:3.4.0:process-resources (default-process-resources) @ hello-mick ---
[INFO] 
[INFO] --- maven-compiler-plugin:3.8.0:compile (default-compile) @ hello-mick ---
[INFO] Nothing to compile - all classes are up to date
[INFO] 
[INFO] --- mule-maven-plugin:3.4.0:compile (default-compile) @ hello-mick ---
[INFO] 
[INFO] --- mule-maven-plugin:3.4.0:process-classes (default-process-classes) @ hello-mick ---
[INFO] 
[INFO] --- mule-maven-plugin:3.4.0:generate-test-sources (default-generate-test-sources) @ hello-mick ---
[INFO] 
[INFO] --- maven-resources-plugin:3.0.2:testResources (default-testResources) @ hello-mick ---
[INFO] Using 'UTF-8' encoding to copy filtered resources.
[INFO] Copying 1 resource
[INFO] 
[INFO] --- mule-maven-plugin:3.4.0:generate-test-resources (default-generate-test-resources) @ hello-mick ---
[INFO] 
[INFO] --- maven-compiler-plugin:3.8.0:testCompile (default-testCompile) @ hello-mick ---
[INFO] Nothing to compile - all classes are up to date
[INFO] 
[INFO] --- mule-maven-plugin:3.4.0:test-compile (default-test-compile) @ hello-mick ---
[INFO] 
[INFO] --- maven-surefire-plugin:2.19.1:test (default-test) @ hello-mick ---
[INFO] 
[INFO] --- mule-maven-plugin:3.4.0:package (default-package) @ hello-mick ---
[INFO] Building zip: /Users/michaelcollins/AnypointStudio/studio-workspace-git/demoMay2020/hello-mick/target/hello-mick-1.0.0-SNAPSHOT-mule-application.jar
[INFO] 
[INFO] --- mule-maven-plugin:3.4.0:validate (default-validate) @ hello-mick ---
[INFO] 
[INFO] --- mule-maven-plugin:3.4.0:initialize (default-initialize) @ hello-mick ---
[INFO] 
[INFO] --- mule-maven-plugin:3.4.0:generate-sources (default-generate-sources) @ hello-mick ---
[INFO] 
[INFO] --- mule-maven-plugin:3.4.0:process-sources (default-process-sources) @ hello-mick ---
[INFO] 
[INFO] --- maven-resources-plugin:3.0.2:resources (default-resources) @ hello-mick ---
[INFO] Using 'UTF-8' encoding to copy filtered resources.
[INFO] Copying 1 resource
[INFO] 
[INFO] --- mule-maven-plugin:3.4.0:process-resources (default-process-resources) @ hello-mick ---
[INFO] 
[INFO] --- maven-compiler-plugin:3.8.0:compile (default-compile) @ hello-mick ---
[INFO] Nothing to compile - all classes are up to date
[INFO] 
[INFO] --- mule-maven-plugin:3.4.0:compile (default-compile) @ hello-mick ---
[INFO] 
[INFO] --- mule-maven-plugin:3.4.0:process-classes (default-process-classes) @ hello-mick ---
[INFO] 
[INFO] --- mule-maven-plugin:3.4.0:generate-test-sources (default-generate-test-sources) @ hello-mick ---
[INFO] 
[INFO] --- maven-resources-plugin:3.0.2:testResources (default-testResources) @ hello-mick ---
[INFO] Using 'UTF-8' encoding to copy filtered resources.
[INFO] Copying 1 resource
[INFO] 
[INFO] --- mule-maven-plugin:3.4.0:generate-test-resources (default-generate-test-resources) @ hello-mick ---
[INFO] 
[INFO] --- maven-compiler-plugin:3.8.0:testCompile (default-testCompile) @ hello-mick ---
[INFO] Nothing to compile - all classes are up to date
[INFO] 
[INFO] --- mule-maven-plugin:3.4.0:test-compile (default-test-compile) @ hello-mick ---
[INFO] 
[INFO] --- maven-surefire-plugin:2.19.1:test (default-test) @ hello-mick ---
[INFO] Skipping execution of surefire because it has already been run for this configuration
[INFO] 
[INFO] --- mule-maven-plugin:3.4.0:package (default-package) @ hello-mick ---
[INFO] 
[INFO] --- mule-maven-plugin:3.4.0:verify (default-verify) @ hello-mick ---
[INFO] 
[INFO] --- maven-install-plugin:2.5.2:install (default-install) @ hello-mick ---
[INFO] No primary artifact to install, installing attached artifacts instead.
[INFO] Installing /Users/michaelcollins/AnypointStudio/studio-workspace-git/demoMay2020/hello-mick/pom.xml to /Users/michaelcollins/.m2/repository/com/mycompany/hello-mick/1.0.0-SNAPSHOT/hello-mick-1.0.0-SNAPSHOT.pom
[INFO] Installing /Users/michaelcollins/AnypointStudio/studio-workspace-git/demoMay2020/hello-mick/target/hello-mick-1.0.0-SNAPSHOT-mule-application.jar to /Users/michaelcollins/.m2/repository/com/mycompany/hello-mick/1.0.0-SNAPSHOT/hello-mick-1.0.0-SNAPSHOT-mule-application.jar
[INFO] 
[INFO] --- mule-maven-plugin:3.4.0:deploy (default-deploy) @ hello-mick ---
[INFO] Deploying artifact mick-hello-ci-cd-052820
[INFO] Creating application: mick-hello-ci-cd-052820
[INFO] Starting application: mick-hello-ci-cd-052820
[INFO] Checking if application: mick-hello-ci-cd-052820 has started
[ERROR] Failed to deploy mick-hello-ci-cd-052820: Deployment has failed
org.mule.tools.client.core.exception.DeploymentException: Deployment has failed
    at org.mule.tools.verification.DefaultDeploymentVerification.assertDeployment (DefaultDeploymentVerification.java:52)
    at org.mule.tools.verification.cloudhub.CloudHubDeploymentVerification.assertDeployment (CloudHubDeploymentVerification.java:42)
    at org.mule.tools.deployment.cloudhub.CloudHubArtifactDeployer.checkApplicationHasStarted (CloudHubArtifactDeployer.java:183)
    at org.mule.tools.deployment.cloudhub.CloudHubArtifactDeployer.deployApplication (CloudHubArtifactDeployer.java:90)
    at org.mule.tools.deployment.cloudhub.CloudHubApplicationDeployer.deploy (CloudHubApplicationDeployer.java:44)
    at org.mule.tools.deployment.DefaultDeployer.deploy (DefaultDeployer.java:53)
    at org.mule.tools.maven.mojo.deploy.DeployMojo.doExecute (DeployMojo.java:46)
    at org.mule.tools.maven.mojo.deploy.AbstractMuleDeployerMojo.execute (AbstractMuleDeployerMojo.java:94)
    at org.apache.maven.plugin.DefaultBuildPluginManager.executeMojo (DefaultBuildPluginManager.java:137)
    at org.apache.maven.lifecycle.internal.MojoExecutor.execute (MojoExecutor.java:210)
    at org.apache.maven.lifecycle.internal.MojoExecutor.execute (MojoExecutor.java:156)
    at org.apache.maven.lifecycle.internal.MojoExecutor.execute (MojoExecutor.java:148)
    at org.apache.maven.lifecycle.internal.LifecycleModuleBuilder.buildProject (LifecycleModuleBuilder.java:117)
    at org.apache.maven.lifecycle.internal.LifecycleModuleBuilder.buildProject (LifecycleModuleBuilder.java:81)
    at org.apache.maven.lifecycle.internal.builder.singlethreaded.SingleThreadedBuilder.build (SingleThreadedBuilder.java:56)
    at org.apache.maven.lifecycle.internal.LifecycleStarter.execute (LifecycleStarter.java:128)
    at org.apache.maven.DefaultMaven.doExecute (DefaultMaven.java:305)
    at org.apache.maven.DefaultMaven.doExecute (DefaultMaven.java:192)
    at org.apache.maven.DefaultMaven.execute (DefaultMaven.java:105)
    at org.apache.maven.cli.MavenCli.execute (MavenCli.java:957)
    at org.apache.maven.cli.MavenCli.doMain (MavenCli.java:289)
    at org.apache.maven.cli.MavenCli.main (MavenCli.java:193)
    at sun.reflect.NativeMethodAccessorImpl.invoke0 (Native Method)
    at sun.reflect.NativeMethodAccessorImpl.invoke (NativeMethodAccessorImpl.java:62)
    at sun.reflect.DelegatingMethodAccessorImpl.invoke (DelegatingMethodAccessorImpl.java:43)
    at java.lang.reflect.Method.invoke (Method.java:498)
    at org.codehaus.plexus.classworlds.launcher.Launcher.launchEnhanced (Launcher.java:282)
    at org.codehaus.plexus.classworlds.launcher.Launcher.launch (Launcher.java:225)
    at org.codehaus.plexus.classworlds.launcher.Launcher.mainWithExitCode (Launcher.java:406)
    at org.codehaus.plexus.classworlds.launcher.Launcher.main (Launcher.java:347)
Caused by: java.lang.IllegalStateException: Deployment failed
    at org.mule.tools.verification.cloudhub.CloudHubDeploymentVerification$CloudHubDeploymentVerificationStrategy.lambda$isDeployed$0 (CloudHubDeploymentVerification.java:56)
    at org.mule.tools.verification.DefaultDeploymentVerification.lambda$assertDeployment$0 (DefaultDeploymentVerification.java:45)
    at org.mule.tools.client.OperationRetrier.retry (OperationRetrier.java:76)
    at org.mule.tools.verification.DefaultDeploymentVerification.assertDeployment (DefaultDeploymentVerification.java:45)
    at org.mule.tools.verification.cloudhub.CloudHubDeploymentVerification.assertDeployment (CloudHubDeploymentVerification.java:42)
    at org.mule.tools.deployment.cloudhub.CloudHubArtifactDeployer.checkApplicationHasStarted (CloudHubArtifactDeployer.java:183)
    at org.mule.tools.deployment.cloudhub.CloudHubArtifactDeployer.deployApplication (CloudHubArtifactDeployer.java:90)
    at org.mule.tools.deployment.cloudhub.CloudHubApplicationDeployer.deploy (CloudHubApplicationDeployer.java:44)
    at org.mule.tools.deployment.DefaultDeployer.deploy (DefaultDeployer.java:53)
    at org.mule.tools.maven.mojo.deploy.DeployMojo.doExecute (DeployMojo.java:46)
    at org.mule.tools.maven.mojo.deploy.AbstractMuleDeployerMojo.execute (AbstractMuleDeployerMojo.java:94)
    at org.apache.maven.plugin.DefaultBuildPluginManager.executeMojo (DefaultBuildPluginManager.java:137)
    at org.apache.maven.lifecycle.internal.MojoExecutor.execute (MojoExecutor.java:210)
    at org.apache.maven.lifecycle.internal.MojoExecutor.execute (MojoExecutor.java:156)
    at org.apache.maven.lifecycle.internal.MojoExecutor.execute (MojoExecutor.java:148)
    at org.apache.maven.lifecycle.internal.LifecycleModuleBuilder.buildProject (LifecycleModuleBuilder.java:117)
    at org.apache.maven.lifecycle.internal.LifecycleModuleBuilder.buildProject (LifecycleModuleBuilder.java:81)
    at org.apache.maven.lifecycle.internal.builder.singlethreaded.SingleThreadedBuilder.build (SingleThreadedBuilder.java:56)
    at org.apache.maven.lifecycle.internal.LifecycleStarter.execute (LifecycleStarter.java:128)
    at org.apache.maven.DefaultMaven.doExecute (DefaultMaven.java:305)
    at org.apache.maven.DefaultMaven.doExecute (DefaultMaven.java:192)
    at org.apache.maven.DefaultMaven.execute (DefaultMaven.java:105)
    at org.apache.maven.cli.MavenCli.execute (MavenCli.java:957)
    at org.apache.maven.cli.MavenCli.doMain (MavenCli.java:289)
    at org.apache.maven.cli.MavenCli.main (MavenCli.java:193)
    at sun.reflect.NativeMethodAccessorImpl.invoke0 (Native Method)
    at sun.reflect.NativeMethodAccessorImpl.invoke (NativeMethodAccessorImpl.java:62)
    at sun.reflect.DelegatingMethodAccessorImpl.invoke (DelegatingMethodAccessorImpl.java:43)
    at java.lang.reflect.Method.invoke (Method.java:498)
    at org.codehaus.plexus.classworlds.launcher.Launcher.launchEnhanced (Launcher.java:282)
    at org.codehaus.plexus.classworlds.launcher.Launcher.launch (Launcher.java:225)
    at org.codehaus.plexus.classworlds.launcher.Launcher.mainWithExitCode (Launcher.java:406)
    at org.codehaus.plexus.classworlds.launcher.Launcher.main (Launcher.java:347)
[INFO] ------------------------------------------------------------------------
[INFO] BUILD FAILURE
[INFO] ------------------------------------------------------------------------
[INFO] Total time:  05:13 min
[INFO] Finished at: 2020-06-01T10:24:52-04:00
[INFO] ------------------------------------------------------------------------
[ERROR] Failed to execute goal org.mule.tools.maven:mule-maven-plugin:3.4.0:deploy (default-deploy) on project hello-mick: Failed to deploy [/Users/michaelcollins/AnypointStudio/studio-workspace-git/demoMay2020/hello-mick/target/hello-mick-1.0.0-SNAPSHOT-mule-application.jar] -> [Help 1]
org.apache.maven.lifecycle.LifecycleExecutionException: Failed to execute goal org.mule.tools.maven:mule-maven-plugin:3.4.0:deploy (default-deploy) on project hello-mick: Failed to deploy [/Users/michaelcollins/AnypointStudio/studio-workspace-git/demoMay2020/hello-mick/target/hello-mick-1.0.0-SNAPSHOT-mule-application.jar]
    at org.apache.maven.lifecycle.internal.MojoExecutor.execute (MojoExecutor.java:215)
    at org.apache.maven.lifecycle.internal.MojoExecutor.execute (MojoExecutor.java:156)
    at org.apache.maven.lifecycle.internal.MojoExecutor.execute (MojoExecutor.java:148)
    at org.apache.maven.lifecycle.internal.LifecycleModuleBuilder.buildProject (LifecycleModuleBuilder.java:117)
    at org.apache.maven.lifecycle.internal.LifecycleModuleBuilder.buildProject (LifecycleModuleBuilder.java:81)
    at org.apache.maven.lifecycle.internal.builder.singlethreaded.SingleThreadedBuilder.build (SingleThreadedBuilder.java:56)
    at org.apache.maven.lifecycle.internal.LifecycleStarter.execute (LifecycleStarter.java:128)
    at org.apache.maven.DefaultMaven.doExecute (DefaultMaven.java:305)
    at org.apache.maven.DefaultMaven.doExecute (DefaultMaven.java:192)
    at org.apache.maven.DefaultMaven.execute (DefaultMaven.java:105)
    at org.apache.maven.cli.MavenCli.execute (MavenCli.java:957)
    at org.apache.maven.cli.MavenCli.doMain (MavenCli.java:289)
    at org.apache.maven.cli.MavenCli.main (MavenCli.java:193)
    at sun.reflect.NativeMethodAccessorImpl.invoke0 (Native Method)
    at sun.reflect.NativeMethodAccessorImpl.invoke (NativeMethodAccessorImpl.java:62)
    at sun.reflect.DelegatingMethodAccessorImpl.invoke (DelegatingMethodAccessorImpl.java:43)
    at java.lang.reflect.Method.invoke (Method.java:498)
    at org.codehaus.plexus.classworlds.launcher.Launcher.launchEnhanced (Launcher.java:282)
    at org.codehaus.plexus.classworlds.launcher.Launcher.launch (Launcher.java:225)
    at org.codehaus.plexus.classworlds.launcher.Launcher.mainWithExitCode (Launcher.java:406)
    at org.codehaus.plexus.classworlds.launcher.Launcher.main (Launcher.java:347)
Caused by: org.apache.maven.plugin.MojoFailureException: Failed to deploy [/Users/michaelcollins/AnypointStudio/studio-workspace-git/demoMay2020/hello-mick/target/hello-mick-1.0.0-SNAPSHOT-mule-application.jar]
    at org.mule.tools.maven.mojo.deploy.DeployMojo.doExecute (DeployMojo.java:49)
    at org.mule.tools.maven.mojo.deploy.AbstractMuleDeployerMojo.execute (AbstractMuleDeployerMojo.java:94)
    at org.apache.maven.plugin.DefaultBuildPluginManager.executeMojo (DefaultBuildPluginManager.java:137)
    at org.apache.maven.lifecycle.internal.MojoExecutor.execute (MojoExecutor.java:210)
    at org.apache.maven.lifecycle.internal.MojoExecutor.execute (MojoExecutor.java:156)
    at org.apache.maven.lifecycle.internal.MojoExecutor.execute (MojoExecutor.java:148)
    at org.apache.maven.lifecycle.internal.LifecycleModuleBuilder.buildProject (LifecycleModuleBuilder.java:117)
    at org.apache.maven.lifecycle.internal.LifecycleModuleBuilder.buildProject (LifecycleModuleBuilder.java:81)
    at org.apache.maven.lifecycle.internal.builder.singlethreaded.SingleThreadedBuilder.build (SingleThreadedBuilder.java:56)
    at org.apache.maven.lifecycle.internal.LifecycleStarter.execute (LifecycleStarter.java:128)
    at org.apache.maven.DefaultMaven.doExecute (DefaultMaven.java:305)
    at org.apache.maven.DefaultMaven.doExecute (DefaultMaven.java:192)
    at org.apache.maven.DefaultMaven.execute (DefaultMaven.java:105)
    at org.apache.maven.cli.MavenCli.execute (MavenCli.java:957)
    at org.apache.maven.cli.MavenCli.doMain (MavenCli.java:289)
    at org.apache.maven.cli.MavenCli.main (MavenCli.java:193)
    at sun.reflect.NativeMethodAccessorImpl.invoke0 (Native Method)
    at sun.reflect.NativeMethodAccessorImpl.invoke (NativeMethodAccessorImpl.java:62)
    at sun.reflect.DelegatingMethodAccessorImpl.invoke (DelegatingMethodAccessorImpl.java:43)
    at java.lang.reflect.Method.invoke (Method.java:498)
    at org.codehaus.plexus.classworlds.launcher.Launcher.launchEnhanced (Launcher.java:282)
    at org.codehaus.plexus.classworlds.launcher.Launcher.launch (Launcher.java:225)
    at org.codehaus.plexus.classworlds.launcher.Launcher.mainWithExitCode (Launcher.java:406)
    at org.codehaus.plexus.classworlds.launcher.Launcher.main (Launcher.java:347)
[ERROR] 
[ERROR] Re-run Maven using the -X switch to enable full debug logging.
[ERROR] 
[ERROR] For more information about the errors and possible solutions, please read the following articles:
[ERROR] [Help 1] http://cwiki.apache.org/confluence/display/MAVEN/MojoFailureException
