[INFO] Error stacktraces are turned on.
[INFO] Scanning for projects...
[INFO] 
[INFO] ----------------------< com.mycompany:hello-421 >-----------------------
[INFO] Building hello-421 1.0.0-SNAPSHOT
[INFO] --------------------------[ mule-application ]--------------------------
[INFO] 
[INFO] --- maven-clean-plugin:3.0.0:clean (default-clean-1) @ hello-421 ---
[INFO] Deleting /Users/michaelcollins/AnypointStudio/studio-workspace-git/demoMay2020/hello-421/target
[INFO] 
[INFO] --- maven-clean-plugin:3.0.0:clean (default-clean) @ hello-421 ---
[INFO] 
[INFO] --- mule-maven-plugin:3.4.0:clean (default-clean) @ hello-421 ---
[INFO] 
[INFO] --- mule-maven-plugin:3.4.0:validate (default-validate) @ hello-421 ---
[INFO] 
[INFO] --- mule-maven-plugin:3.4.0:initialize (default-initialize) @ hello-421 ---
[INFO] 
[INFO] --- mule-maven-plugin:3.4.0:generate-sources (default-generate-sources) @ hello-421 ---
[INFO] 
[INFO] --- mule-maven-plugin:3.4.0:process-sources (default-process-sources) @ hello-421 ---
[INFO] About to fetch required dependencies for artifact: com.mycompany:hello-421:pom:1.0.0-SNAPSHOT. This may take a while...
[INFO] 
[INFO] --- maven-resources-plugin:3.0.2:resources (default-resources) @ hello-421 ---
[INFO] Using 'UTF-8' encoding to copy filtered resources.
[INFO] Copying 1 resource
[INFO] 
[INFO] --- mule-maven-plugin:3.4.0:process-resources (default-process-resources) @ hello-421 ---
[INFO] 
[INFO] --- maven-compiler-plugin:3.8.0:compile (default-compile) @ hello-421 ---
[INFO] Nothing to compile - all classes are up to date
[INFO] 
[INFO] --- mule-maven-plugin:3.4.0:compile (default-compile) @ hello-421 ---
[INFO] 
[INFO] --- mule-maven-plugin:3.4.0:process-classes (default-process-classes) @ hello-421 ---
[INFO] 
[INFO] --- mule-maven-plugin:3.4.0:generate-test-sources (default-generate-test-sources) @ hello-421 ---
[INFO] 
[INFO] --- maven-resources-plugin:3.0.2:testResources (default-testResources) @ hello-421 ---
[INFO] Using 'UTF-8' encoding to copy filtered resources.
[INFO] Copying 1 resource
[INFO] 
[INFO] --- mule-maven-plugin:3.4.0:generate-test-resources (default-generate-test-resources) @ hello-421 ---
[INFO] 
[INFO] --- maven-compiler-plugin:3.8.0:testCompile (default-testCompile) @ hello-421 ---
[INFO] Nothing to compile - all classes are up to date
[INFO] 
[INFO] --- mule-maven-plugin:3.4.0:test-compile (default-test-compile) @ hello-421 ---
[INFO] 
[INFO] --- maven-surefire-plugin:2.19.1:test (default-test) @ hello-421 ---
[INFO] 
[INFO] --- mule-maven-plugin:3.4.0:package (default-package) @ hello-421 ---
[INFO] Building zip: /Users/michaelcollins/AnypointStudio/studio-workspace-git/demoMay2020/hello-421/target/hello-421-1.0.0-SNAPSHOT-mule-application.jar
[INFO] 
[INFO] --- mule-maven-plugin:3.4.0:validate (default-validate) @ hello-421 ---
[INFO] 
[INFO] --- mule-maven-plugin:3.4.0:initialize (default-initialize) @ hello-421 ---
[INFO] 
[INFO] --- mule-maven-plugin:3.4.0:generate-sources (default-generate-sources) @ hello-421 ---
[INFO] 
[INFO] --- mule-maven-plugin:3.4.0:process-sources (default-process-sources) @ hello-421 ---
[INFO] 
[INFO] --- maven-resources-plugin:3.0.2:resources (default-resources) @ hello-421 ---
[INFO] Using 'UTF-8' encoding to copy filtered resources.
[INFO] Copying 1 resource
[INFO] 
[INFO] --- mule-maven-plugin:3.4.0:process-resources (default-process-resources) @ hello-421 ---
[INFO] 
[INFO] --- maven-compiler-plugin:3.8.0:compile (default-compile) @ hello-421 ---
[INFO] Nothing to compile - all classes are up to date
[INFO] 
[INFO] --- mule-maven-plugin:3.4.0:compile (default-compile) @ hello-421 ---
[INFO] 
[INFO] --- mule-maven-plugin:3.4.0:process-classes (default-process-classes) @ hello-421 ---
[INFO] 
[INFO] --- mule-maven-plugin:3.4.0:generate-test-sources (default-generate-test-sources) @ hello-421 ---
[INFO] 
[INFO] --- maven-resources-plugin:3.0.2:testResources (default-testResources) @ hello-421 ---
[INFO] Using 'UTF-8' encoding to copy filtered resources.
[INFO] Copying 1 resource
[INFO] 
[INFO] --- mule-maven-plugin:3.4.0:generate-test-resources (default-generate-test-resources) @ hello-421 ---
[INFO] 
[INFO] --- maven-compiler-plugin:3.8.0:testCompile (default-testCompile) @ hello-421 ---
[INFO] Nothing to compile - all classes are up to date
[INFO] 
[INFO] --- mule-maven-plugin:3.4.0:test-compile (default-test-compile) @ hello-421 ---
[INFO] 
[INFO] --- maven-surefire-plugin:2.19.1:test (default-test) @ hello-421 ---
[INFO] Skipping execution of surefire because it has already been run for this configuration
[INFO] 
[INFO] --- mule-maven-plugin:3.4.0:package (default-package) @ hello-421 ---
[INFO] 
[INFO] --- mule-maven-plugin:3.4.0:verify (default-verify) @ hello-421 ---
[INFO] 
[INFO] --- maven-install-plugin:2.5.2:install (default-install) @ hello-421 ---
[INFO] No primary artifact to install, installing attached artifacts instead.
[INFO] Installing /Users/michaelcollins/AnypointStudio/studio-workspace-git/demoMay2020/hello-421/pom.xml to /Users/michaelcollins/.m2/repository/com/mycompany/hello-421/1.0.0-SNAPSHOT/hello-421-1.0.0-SNAPSHOT.pom
[INFO] Installing /Users/michaelcollins/AnypointStudio/studio-workspace-git/demoMay2020/hello-421/target/hello-421-1.0.0-SNAPSHOT-mule-application.jar to /Users/michaelcollins/.m2/repository/com/mycompany/hello-421/1.0.0-SNAPSHOT/hello-421-1.0.0-SNAPSHOT-mule-application.jar
[INFO] 
[INFO] --- mule-maven-plugin:3.4.0:deploy (default-deploy) @ hello-421 ---
[INFO] Deploying artifact mick-hello-ci-cd-060120
[INFO] Creating application: mick-hello-ci-cd-060120
[INFO] Starting application: mick-hello-ci-cd-060120
[INFO] Checking if application: mick-hello-ci-cd-060120 has started
[INFO] Artifact mick-hello-ci-cd-060120 deployed
[INFO] ------------------------------------------------------------------------
[INFO] BUILD SUCCESS
[INFO] ------------------------------------------------------------------------
[INFO] Total time:  02:16 min
[INFO] Finished at: 2020-06-01T10:47:05-04:00
[INFO] ------------------------------------------------------------------------
